<?xml version="1.0" encoding="UTF-8"?>
<!-- Generated by org.testng.reporters.JUnitReportReporter -->
<testsuite hostname="ADIBA" failures="0" tests="1" name="TestCases.TestCase2" time="4.872" errors="0" timestamp="26 Feb 2019 05:30:30 GMT">
  <testcase classname="TestCases.TestCase2" name="LoginPage2" time="4.872"/>
</testsuite> <!-- TestCases.TestCase2 -->
