<?xml version="1.0" encoding="UTF-8"?>
<!-- Generated by org.testng.reporters.JUnitReportReporter -->
<testsuite hostname="ADIBA" failures="0" tests="3" name="TestCases.TestCase3" time="17.095" errors="0" timestamp="26 Feb 2019 12:04:51 GMT">
  <testcase classname="TestCases.TestCase3" name="searchSamsung" time="4.870"/>
  <testcase classname="TestCases.TestCase3" name="editUserInfo" time="4.292"/>
  <testcase classname="TestCases.TestCase3" name="LoginPage1" time="7.933"/>
</testsuite> <!-- TestCases.TestCase3 -->
