<?xml version="1.0" encoding="UTF-8"?>
<!-- Generated by org.testng.reporters.JUnitReportReporter -->
<testsuite hostname="ADIBA" failures="0" tests="2" name="TestCases.TestCase4" time="23.443" errors="0" timestamp="27 Feb 2019 06:10:44 GMT">
  <testcase classname="TestCases.TestCase4" name="radioButton1" time="0.031"/>
  <testcase classname="TestCases.TestCase4" name="NaviagteOnBabyAndLKids" time="23.412"/>
</testsuite> <!-- TestCases.TestCase4 -->
