<?xml version="1.0" encoding="UTF-8"?>
<!-- Generated by org.testng.reporters.JUnitReportReporter -->
<testsuite hostname="ADIBA" failures="0" tests="2" name="TestCases.TestCases1Amruta" time="17.731" errors="0" timestamp="26 Feb 2019 05:31:32 GMT">
  <testcase classname="TestCases.TestCases1Amruta" name="editUserInfo" time="7.010"/>
  <testcase classname="TestCases.TestCases1Amruta" name="LoginPage1" time="10.721"/>
</testsuite> <!-- TestCases.TestCases1Amruta -->
